This file contains any messages produced by compilers while
running configure, to aid debugging if configure makes a mistake.

It was created by autobase configure 1.0, which was
generated by GNU Autoconf 2.72.  Invocation command line was

  $ ./configure

## --------- ##
## Platform. ##
## --------- ##

hostname = glacier-2.home
uname -m = arm64
uname -r = 23.5.0
uname -s = Darwin
uname -v = Darwin Kernel Version 23.5.0: Wed May  1 20:14:59 PDT 2024; root:xnu-10063.121.3~5/RELEASE_ARM64_T8122

/usr/bin/uname -p = arm
/bin/uname -X     = unknown

/bin/arch              = unknown
/usr/bin/arch -k       = unknown
/usr/convex/getsysinfo = unknown
/usr/bin/hostinfo      = Mach kernel version:
	 Darwin Kernel Version 23.5.0: Wed May  1 20:14:59 PDT 2024; root:xnu-10063.121.3~5/RELEASE_ARM64_T8122
Kernel configured for up to 8 processors.
8 processors are physically available.
8 processors are logically available.
Processor type: arm64e (ARM64E)
Processors active: 0 1 2 3 4 5 6 7
Primary memory available: 16.00 gigabytes
Default processor set: 687 tasks, 2413 threads, 8 processors
Load average: 1.78, Mach factor: 6.21
/bin/machine           = unknown
/usr/bin/oslevel       = unknown
/bin/universe          = unknown

PATH: /Users/mpreath/mambaforge/bin/
PATH: /Users/mpreath/.rbenv/shims/
PATH: /Users/mpreath/.rbenv/shims/
PATH: /opt/homebrew/bin/
PATH: /opt/homebrew/sbin/
PATH: /usr/local/bin/
PATH: /System/Cryptexes/App/usr/bin/
PATH: /usr/bin/
PATH: /bin/
PATH: /usr/sbin/
PATH: /sbin/
PATH: /var/run/com.apple.security.cryptexd/codex.system/bootstrap/usr/local/bin/
PATH: /var/run/com.apple.security.cryptexd/codex.system/bootstrap/usr/bin/
PATH: /var/run/com.apple.security.cryptexd/codex.system/bootstrap/usr/appleinternal/bin/
PATH: /Applications/Little Snitch.app/Contents/Components/
PATH: /Applications/iTerm.app/Contents/Resources/utilities/
PATH: /Users/mpreath/go/bin/


## ----------- ##
## Core tests. ##
## ----------- ##

configure:2107: looking for aux files: compile missing install-sh
configure:2120:  trying ./
configure:2149:   ./compile found
configure:2149:   ./missing found
configure:2131:   ./install-sh found
configure:2279: checking for a BSD-compatible install
configure:2353: result: /usr/bin/install -c
configure:2364: checking whether sleep supports fractional seconds
configure:2380: result: yes
configure:2383: checking filesystem timestamp resolution
configure:2518: result: 2
configure:2523: checking whether build environment is sane
configure:2564: result: yes
configure:2735: checking for a race-free mkdir -p
configure:2778: result: mkdir -p
configure:2785: checking for gawk
configure:2821: result: no
configure:2785: checking for mawk
configure:2821: result: no
configure:2785: checking for nawk
configure:2821: result: no
configure:2785: checking for awk
configure:2806: found /usr/bin/awk
configure:2818: result: awk
configure:2829: checking whether make sets $(MAKE)
configure:2853: result: yes
configure:2879: checking whether make supports nested variables
configure:2898: result: yes
configure:2912: checking xargs -n works
configure:2928: result: yes
configure:3089: checking for gcc
configure:3110: found /usr/bin/gcc
configure:3122: result: gcc
configure:3481: checking for C compiler version
configure:3490: gcc --version >&5
Apple clang version 15.0.0 (clang-1500.3.9.4)
Target: arm64-apple-darwin23.5.0
Thread model: posix
InstalledDir: /Library/Developer/CommandLineTools/usr/bin
configure:3501: $? = 0
configure:3490: gcc -v >&5
Apple clang version 15.0.0 (clang-1500.3.9.4)
Target: arm64-apple-darwin23.5.0
Thread model: posix
InstalledDir: /Library/Developer/CommandLineTools/usr/bin
configure:3501: $? = 0
configure:3490: gcc -V >&5
clang: error: argument to '-V' is missing (expected 1 value)
clang: error: no input files
configure:3501: $? = 1
configure:3490: gcc -qversion >&5
clang: error: unknown argument '-qversion'; did you mean '--version'?
clang: error: no input files
configure:3501: $? = 1
configure:3490: gcc -version >&5
clang: error: unknown argument '-version'; did you mean '--version'?
clang: error: no input files
configure:3501: $? = 1
configure:3521: checking whether the C compiler works
configure:3543: gcc    conftest.c  >&5
configure:3547: $? = 0
configure:3598: result: yes
configure:3602: checking for C compiler default output file name
configure:3604: result: a.out
configure:3610: checking for suffix of executables
configure:3617: gcc -o conftest    conftest.c  >&5
configure:3621: $? = 0
configure:3645: result: 
configure:3669: checking whether we are cross compiling
configure:3677: gcc -o conftest    conftest.c  >&5
configure:3681: $? = 0
configure:3688: ./conftest
configure:3692: $? = 0
configure:3707: result: no
configure:3713: checking for suffix of object files
configure:3736: gcc -c   conftest.c >&5
configure:3740: $? = 0
configure:3764: result: o
configure:3768: checking whether the compiler supports GNU C
configure:3788: gcc -c   conftest.c >&5
configure:3788: $? = 0
configure:3800: result: yes
configure:3811: checking whether gcc accepts -g
configure:3832: gcc -c -g  conftest.c >&5
configure:3832: $? = 0
configure:3879: result: yes
configure:3899: checking for gcc option to enable C11 features
configure:3914: gcc  -c -g -O2  conftest.c >&5
configure:3914: $? = 0
configure:3933: result: none needed
configure:4057: checking whether gcc understands -c and -o together
configure:4080: gcc -c conftest.c -o conftest2.o
configure:4083: $? = 0
configure:4080: gcc -c conftest.c -o conftest2.o
configure:4083: $? = 0
configure:4096: result: yes
configure:4116: checking whether make supports the include directive
configure:4131: make -f confmf.GNU && cat confinc.out
this is the am__doit target
configure:4134: $? = 0
configure:4153: result: yes (GNU style)
configure:4179: checking dependency style of gcc
configure:4292: result: gcc3
configure:4420: checking that generated files are newer than configure
configure:4426: result: done
configure:4461: creating ./config.status

## ---------------------- ##
## Running config.status. ##
## ---------------------- ##

This file was extended by autobase config.status 1.0, which was
generated by GNU Autoconf 2.72.  Invocation command line was

  CONFIG_FILES    = 
  CONFIG_HEADERS  = 
  CONFIG_LINKS    = 
  CONFIG_COMMANDS = 
  $ ./config.status 

on glacier-2.home

config.status:842: creating Makefile
config.status:842: creating src/Makefile
config.status:842: creating config.h
config.status:1071: executing depfiles commands
config.status:1148: cd src       && sed -e '/# am--include-marker/d' Makefile         | make -f - am--depfiles
config.status:1153: $? = 0

## ---------------- ##
## Cache variables. ##
## ---------------- ##

ac_cv_c_compiler_gnu=yes
ac_cv_env_CC_set=
ac_cv_env_CC_value=
ac_cv_env_CFLAGS_set=
ac_cv_env_CFLAGS_value=
ac_cv_env_CPPFLAGS_set=
ac_cv_env_CPPFLAGS_value=
ac_cv_env_LDFLAGS_set=
ac_cv_env_LDFLAGS_value=
ac_cv_env_LIBS_set=
ac_cv_env_LIBS_value=
ac_cv_env_build_alias_set=
ac_cv_env_build_alias_value=
ac_cv_env_host_alias_set=
ac_cv_env_host_alias_value=
ac_cv_env_target_alias_set=
ac_cv_env_target_alias_value=
ac_cv_objext=o
ac_cv_path_install='/usr/bin/install -c'
ac_cv_prog_AWK=awk
ac_cv_prog_ac_ct_CC=gcc
ac_cv_prog_cc_c11=
ac_cv_prog_cc_g=yes
ac_cv_prog_cc_stdc=
ac_cv_prog_make_make_set=yes
am_cv_CC_dependencies_compiler_type=gcc3
am_cv_filesystem_timestamp_resolution=2
am_cv_make_support_nested_variables=yes
am_cv_prog_cc_c_o=yes
am_cv_sleep_fractional_seconds=yes
am_cv_xargs_n_works=yes

## ----------------- ##
## Output variables. ##
## ----------------- ##

ACLOCAL='${SHELL} '\''/Users/mpreath/projects/autobase/missing'\'' aclocal-1.17'
AMDEPBACKSLASH='\'
AMDEP_FALSE='#'
AMDEP_TRUE=''
AMTAR='$${TAR-tar}'
AM_BACKSLASH='\'
AM_DEFAULT_V='$(AM_DEFAULT_VERBOSITY)'
AM_DEFAULT_VERBOSITY='1'
AM_V='$(V)'
AUTOCONF='${SHELL} '\''/Users/mpreath/projects/autobase/missing'\'' autoconf'
AUTOHEADER='${SHELL} '\''/Users/mpreath/projects/autobase/missing'\'' autoheader'
AUTOMAKE='${SHELL} '\''/Users/mpreath/projects/autobase/missing'\'' automake-1.17'
AWK='awk'
CC='gcc'
CCDEPMODE='depmode=gcc3'
CFLAGS='-g -O2'
CPPFLAGS=''
CSCOPE='cscope'
CTAGS='ctags'
CYGPATH_W='echo'
DEFS='-DHAVE_CONFIG_H'
DEPDIR='.deps'
ECHO_C='\c'
ECHO_N=''
ECHO_T=''
ETAGS='etags'
EXEEXT=''
INSTALL_DATA='${INSTALL} -m 644'
INSTALL_PROGRAM='${INSTALL}'
INSTALL_SCRIPT='${INSTALL}'
INSTALL_STRIP_PROGRAM='$(install_sh) -c -s'
LDFLAGS=''
LIBOBJS=''
LIBS=''
LTLIBOBJS=''
MAKEINFO='${SHELL} '\''/Users/mpreath/projects/autobase/missing'\'' makeinfo'
MKDIR_P='mkdir -p'
OBJEXT='o'
PACKAGE='autobase'
PACKAGE_BUGREPORT=''
PACKAGE_NAME='autobase'
PACKAGE_STRING='autobase 1.0'
PACKAGE_TARNAME='autobase'
PACKAGE_URL=''
PACKAGE_VERSION='1.0'
PATH_SEPARATOR=':'
SET_MAKE=''
SHELL='/bin/sh'
STRIP=''
VERSION='1.0'
ac_ct_CC='gcc'
am__EXEEXT_FALSE=''
am__EXEEXT_TRUE='#'
am__fastdepCC_FALSE='#'
am__fastdepCC_TRUE=''
am__include='include'
am__isrc=''
am__leading_dot='.'
am__nodep='_no'
am__quote=''
am__rm_f_notfound=''
am__tar='$${TAR-tar} chof - "$$tardir"'
am__untar='$${TAR-tar} xf -'
am__xargs_n='xargs -n'
bindir='${exec_prefix}/bin'
build_alias=''
datadir='${datarootdir}'
datarootdir='${prefix}/share'
docdir='${datarootdir}/doc/${PACKAGE_TARNAME}'
dvidir='${docdir}'
exec_prefix='${prefix}'
host_alias=''
htmldir='${docdir}'
includedir='${prefix}/include'
infodir='${datarootdir}/info'
install_sh='${SHELL} /Users/mpreath/projects/autobase/install-sh'
libdir='${exec_prefix}/lib'
libexecdir='${exec_prefix}/libexec'
localedir='${datarootdir}/locale'
localstatedir='${prefix}/var'
mandir='${datarootdir}/man'
mkdir_p='$(MKDIR_P)'
oldincludedir='/usr/include'
pdfdir='${docdir}'
prefix='/usr/local'
program_transform_name='s,x,x,'
psdir='${docdir}'
runstatedir='${localstatedir}/run'
sbindir='${exec_prefix}/sbin'
sharedstatedir='${prefix}/com'
sysconfdir='${prefix}/etc'
target_alias=''

## ----------- ##
## confdefs.h. ##
## ----------- ##

/* confdefs.h */
#define PACKAGE_NAME "autobase"
#define PACKAGE_TARNAME "autobase"
#define PACKAGE_VERSION "1.0"
#define PACKAGE_STRING "autobase 1.0"
#define PACKAGE_BUGREPORT ""
#define PACKAGE_URL ""
#define PACKAGE "autobase"
#define VERSION "1.0"

configure: exit 0
